CRITICAL - 2022-08-17 12:13:31 --> Too few arguments to function App\Controllers\Produtos::Produtos(), 0 passed in C:\wamp64\www\Prj\system\CodeIgniter.php on line 898 and exactly 1 expected
in APPPATH\Controllers\Produtos.php on line 28.
 1 SYSTEMPATH\CodeIgniter.php(898): App\Controllers\Produtos->Produtos()
 2 SYSTEMPATH\CodeIgniter.php(457): CodeIgniter\CodeIgniter->runController(Object(App\Controllers\Produtos))
 3 SYSTEMPATH\CodeIgniter.php(340): CodeIgniter\CodeIgniter->handleRequest(null, Object(Config\Cache), false)
 4 FCPATH\index.php(67): CodeIgniter\CodeIgniter->run()
 5 SYSTEMPATH\Commands\Server\rewrite.php(43): require_once('FCPATH\\index.php')
CRITICAL - 2022-08-17 12:15:16 --> Too few arguments to function App\Controllers\Produtos::ultProdutos(), 0 passed in C:\wamp64\www\Prj\system\CodeIgniter.php on line 898 and exactly 1 expected
in APPPATH\Controllers\Produtos.php on line 28.
 1 SYSTEMPATH\CodeIgniter.php(898): App\Controllers\Produtos->ultProdutos()
 2 SYSTEMPATH\CodeIgniter.php(457): CodeIgniter\CodeIgniter->runController(Object(App\Controllers\Produtos))
 3 SYSTEMPATH\CodeIgniter.php(340): CodeIgniter\CodeIgniter->handleRequest(null, Object(Config\Cache), false)
 4 FCPATH\index.php(67): CodeIgniter\CodeIgniter->run()
 5 SYSTEMPATH\Commands\Server\rewrite.php(43): require_once('FCPATH\\index.php')
CRITICAL - 2022-08-17 12:32:02 --> Too few arguments to function App\Controllers\Produtos::ultProdutos(), 0 passed in C:\wamp64\www\Prj\system\CodeIgniter.php on line 898 and exactly 1 expected
in APPPATH\Controllers\Produtos.php on line 28.
 1 SYSTEMPATH\CodeIgniter.php(898): App\Controllers\Produtos->ultProdutos()
 2 SYSTEMPATH\CodeIgniter.php(457): CodeIgniter\CodeIgniter->runController(Object(App\Controllers\Produtos))
 3 SYSTEMPATH\CodeIgniter.php(340): CodeIgniter\CodeIgniter->handleRequest(null, Object(Config\Cache), false)
 4 FCPATH\index.php(67): CodeIgniter\CodeIgniter->run()
 5 SYSTEMPATH\Commands\Server\rewrite.php(43): require_once('FCPATH\\index.php')
CRITICAL - 2022-08-17 12:32:32 --> Too few arguments to function App\Controllers\Produtos::ultProdutos(), 0 passed in C:\wamp64\www\Prj\system\CodeIgniter.php on line 898 and exactly 1 expected
in APPPATH\Controllers\Produtos.php on line 28.
 1 SYSTEMPATH\CodeIgniter.php(898): App\Controllers\Produtos->ultProdutos()
 2 SYSTEMPATH\CodeIgniter.php(457): CodeIgniter\CodeIgniter->runController(Object(App\Controllers\Produtos))
 3 SYSTEMPATH\CodeIgniter.php(340): CodeIgniter\CodeIgniter->handleRequest(null, Object(Config\Cache), false)
 4 FCPATH\index.php(67): CodeIgniter\CodeIgniter->run()
 5 SYSTEMPATH\Commands\Server\rewrite.php(43): require_once('FCPATH\\index.php')
CRITICAL - 2022-08-17 12:32:38 --> Too few arguments to function App\Controllers\Produtos::ultProdutos(), 0 passed in C:\wamp64\www\Prj\system\CodeIgniter.php on line 898 and exactly 1 expected
in APPPATH\Controllers\Produtos.php on line 28.
 1 SYSTEMPATH\CodeIgniter.php(898): App\Controllers\Produtos->ultProdutos()
 2 SYSTEMPATH\CodeIgniter.php(457): CodeIgniter\CodeIgniter->runController(Object(App\Controllers\Produtos))
 3 SYSTEMPATH\CodeIgniter.php(340): CodeIgniter\CodeIgniter->handleRequest(null, Object(Config\Cache), false)
 4 FCPATH\index.php(67): CodeIgniter\CodeIgniter->run()
 5 SYSTEMPATH\Commands\Server\rewrite.php(43): require_once('FCPATH\\index.php')
CRITICAL - 2022-08-17 12:32:41 --> Too few arguments to function App\Controllers\Produtos::ultProdutos(), 0 passed in C:\wamp64\www\Prj\system\CodeIgniter.php on line 898 and exactly 1 expected
in APPPATH\Controllers\Produtos.php on line 28.
 1 SYSTEMPATH\CodeIgniter.php(898): App\Controllers\Produtos->ultProdutos()
 2 SYSTEMPATH\CodeIgniter.php(457): CodeIgniter\CodeIgniter->runController(Object(App\Controllers\Produtos))
 3 SYSTEMPATH\CodeIgniter.php(340): CodeIgniter\CodeIgniter->handleRequest(null, Object(Config\Cache), false)
 4 FCPATH\index.php(67): CodeIgniter\CodeIgniter->run()
 5 SYSTEMPATH\Commands\Server\rewrite.php(43): require_once('FCPATH\\index.php')
CRITICAL - 2022-08-17 12:32:42 --> Too few arguments to function App\Controllers\Produtos::ultProdutos(), 0 passed in C:\wamp64\www\Prj\system\CodeIgniter.php on line 898 and exactly 1 expected
in APPPATH\Controllers\Produtos.php on line 28.
 1 SYSTEMPATH\CodeIgniter.php(898): App\Controllers\Produtos->ultProdutos()
 2 SYSTEMPATH\CodeIgniter.php(457): CodeIgniter\CodeIgniter->runController(Object(App\Controllers\Produtos))
 3 SYSTEMPATH\CodeIgniter.php(340): CodeIgniter\CodeIgniter->handleRequest(null, Object(Config\Cache), false)
 4 FCPATH\index.php(67): CodeIgniter\CodeIgniter->run()
 5 SYSTEMPATH\Commands\Server\rewrite.php(43): require_once('FCPATH\\index.php')
CRITICAL - 2022-08-17 12:32:42 --> Too few arguments to function App\Controllers\Produtos::ultProdutos(), 0 passed in C:\wamp64\www\Prj\system\CodeIgniter.php on line 898 and exactly 1 expected
in APPPATH\Controllers\Produtos.php on line 28.
 1 SYSTEMPATH\CodeIgniter.php(898): App\Controllers\Produtos->ultProdutos()
 2 SYSTEMPATH\CodeIgniter.php(457): CodeIgniter\CodeIgniter->runController(Object(App\Controllers\Produtos))
 3 SYSTEMPATH\CodeIgniter.php(340): CodeIgniter\CodeIgniter->handleRequest(null, Object(Config\Cache), false)
 4 FCPATH\index.php(67): CodeIgniter\CodeIgniter->run()
 5 SYSTEMPATH\Commands\Server\rewrite.php(43): require_once('FCPATH\\index.php')
CRITICAL - 2022-08-17 12:32:42 --> Too few arguments to function App\Controllers\Produtos::ultProdutos(), 0 passed in C:\wamp64\www\Prj\system\CodeIgniter.php on line 898 and exactly 1 expected
in APPPATH\Controllers\Produtos.php on line 28.
 1 SYSTEMPATH\CodeIgniter.php(898): App\Controllers\Produtos->ultProdutos()
 2 SYSTEMPATH\CodeIgniter.php(457): CodeIgniter\CodeIgniter->runController(Object(App\Controllers\Produtos))
 3 SYSTEMPATH\CodeIgniter.php(340): CodeIgniter\CodeIgniter->handleRequest(null, Object(Config\Cache), false)
 4 FCPATH\index.php(67): CodeIgniter\CodeIgniter->run()
 5 SYSTEMPATH\Commands\Server\rewrite.php(43): require_once('FCPATH\\index.php')
CRITICAL - 2022-08-17 12:32:43 --> Too few arguments to function App\Controllers\Produtos::ultProdutos(), 0 passed in C:\wamp64\www\Prj\system\CodeIgniter.php on line 898 and exactly 1 expected
in APPPATH\Controllers\Produtos.php on line 28.
 1 SYSTEMPATH\CodeIgniter.php(898): App\Controllers\Produtos->ultProdutos()
 2 SYSTEMPATH\CodeIgniter.php(457): CodeIgniter\CodeIgniter->runController(Object(App\Controllers\Produtos))
 3 SYSTEMPATH\CodeIgniter.php(340): CodeIgniter\CodeIgniter->handleRequest(null, Object(Config\Cache), false)
 4 FCPATH\index.php(67): CodeIgniter\CodeIgniter->run()
 5 SYSTEMPATH\Commands\Server\rewrite.php(43): require_once('FCPATH\\index.php')
CRITICAL - 2022-08-17 12:32:43 --> Too few arguments to function App\Controllers\Produtos::ultProdutos(), 0 passed in C:\wamp64\www\Prj\system\CodeIgniter.php on line 898 and exactly 1 expected
in APPPATH\Controllers\Produtos.php on line 28.
 1 SYSTEMPATH\CodeIgniter.php(898): App\Controllers\Produtos->ultProdutos()
 2 SYSTEMPATH\CodeIgniter.php(457): CodeIgniter\CodeIgniter->runController(Object(App\Controllers\Produtos))
 3 SYSTEMPATH\CodeIgniter.php(340): CodeIgniter\CodeIgniter->handleRequest(null, Object(Config\Cache), false)
 4 FCPATH\index.php(67): CodeIgniter\CodeIgniter->run()
 5 SYSTEMPATH\Commands\Server\rewrite.php(43): require_once('FCPATH\\index.php')
CRITICAL - 2022-08-17 12:32:43 --> Too few arguments to function App\Controllers\Produtos::ultProdutos(), 0 passed in C:\wamp64\www\Prj\system\CodeIgniter.php on line 898 and exactly 1 expected
in APPPATH\Controllers\Produtos.php on line 28.
 1 SYSTEMPATH\CodeIgniter.php(898): App\Controllers\Produtos->ultProdutos()
 2 SYSTEMPATH\CodeIgniter.php(457): CodeIgniter\CodeIgniter->runController(Object(App\Controllers\Produtos))
 3 SYSTEMPATH\CodeIgniter.php(340): CodeIgniter\CodeIgniter->handleRequest(null, Object(Config\Cache), false)
 4 FCPATH\index.php(67): CodeIgniter\CodeIgniter->run()
 5 SYSTEMPATH\Commands\Server\rewrite.php(43): require_once('FCPATH\\index.php')
CRITICAL - 2022-08-17 12:32:43 --> Too few arguments to function App\Controllers\Produtos::ultProdutos(), 0 passed in C:\wamp64\www\Prj\system\CodeIgniter.php on line 898 and exactly 1 expected
in APPPATH\Controllers\Produtos.php on line 28.
 1 SYSTEMPATH\CodeIgniter.php(898): App\Controllers\Produtos->ultProdutos()
 2 SYSTEMPATH\CodeIgniter.php(457): CodeIgniter\CodeIgniter->runController(Object(App\Controllers\Produtos))
 3 SYSTEMPATH\CodeIgniter.php(340): CodeIgniter\CodeIgniter->handleRequest(null, Object(Config\Cache), false)
 4 FCPATH\index.php(67): CodeIgniter\CodeIgniter->run()
 5 SYSTEMPATH\Commands\Server\rewrite.php(43): require_once('FCPATH\\index.php')
CRITICAL - 2022-08-17 12:32:43 --> Too few arguments to function App\Controllers\Produtos::ultProdutos(), 0 passed in C:\wamp64\www\Prj\system\CodeIgniter.php on line 898 and exactly 1 expected
in APPPATH\Controllers\Produtos.php on line 28.
 1 SYSTEMPATH\CodeIgniter.php(898): App\Controllers\Produtos->ultProdutos()
 2 SYSTEMPATH\CodeIgniter.php(457): CodeIgniter\CodeIgniter->runController(Object(App\Controllers\Produtos))
 3 SYSTEMPATH\CodeIgniter.php(340): CodeIgniter\CodeIgniter->handleRequest(null, Object(Config\Cache), false)
 4 FCPATH\index.php(67): CodeIgniter\CodeIgniter->run()
 5 SYSTEMPATH\Commands\Server\rewrite.php(43): require_once('FCPATH\\index.php')
CRITICAL - 2022-08-17 12:36:55 --> Too few arguments to function App\Controllers\Produtos::ultProdutos(), 0 passed in C:\wamp64\www\Prj\system\CodeIgniter.php on line 898 and exactly 1 expected
in APPPATH\Controllers\Produtos.php on line 28.
 1 SYSTEMPATH\CodeIgniter.php(898): App\Controllers\Produtos->ultProdutos()
 2 SYSTEMPATH\CodeIgniter.php(457): CodeIgniter\CodeIgniter->runController(Object(App\Controllers\Produtos))
 3 SYSTEMPATH\CodeIgniter.php(340): CodeIgniter\CodeIgniter->handleRequest(null, Object(Config\Cache), false)
 4 FCPATH\index.php(67): CodeIgniter\CodeIgniter->run()
 5 SYSTEMPATH\Commands\Server\rewrite.php(43): require_once('FCPATH\\index.php')
CRITICAL - 2022-08-17 12:37:21 --> Too few arguments to function App\Controllers\Produtos::ultProdutos(), 0 passed in C:\wamp64\www\Prj\system\CodeIgniter.php on line 898 and exactly 1 expected
in APPPATH\Controllers\Produtos.php on line 28.
 1 SYSTEMPATH\CodeIgniter.php(898): App\Controllers\Produtos->ultProdutos()
 2 SYSTEMPATH\CodeIgniter.php(457): CodeIgniter\CodeIgniter->runController(Object(App\Controllers\Produtos))
 3 SYSTEMPATH\CodeIgniter.php(340): CodeIgniter\CodeIgniter->handleRequest(null, Object(Config\Cache), false)
 4 FCPATH\index.php(67): CodeIgniter\CodeIgniter->run()
 5 SYSTEMPATH\Commands\Server\rewrite.php(43): require_once('FCPATH\\index.php')
CRITICAL - 2022-08-17 12:38:06 --> Undefined variable: db
in APPPATH\Models\ProdutosModel.php on line 18.
 1 APPPATH\Models\ProdutosModel.php(18): CodeIgniter\Debug\Exceptions->errorHandler(8, 'Undefined variable: db', 'APPPATH\\Models\\ProdutosModel.php', 18, [])
 2 APPPATH\Controllers\Produtos.php(30): App\Models\ProdutosModel->getProduto()
 3 SYSTEMPATH\CodeIgniter.php(898): App\Controllers\Produtos->ultProdutos()
 4 SYSTEMPATH\CodeIgniter.php(457): CodeIgniter\CodeIgniter->runController(Object(App\Controllers\Produtos))
 5 SYSTEMPATH\CodeIgniter.php(340): CodeIgniter\CodeIgniter->handleRequest(null, Object(Config\Cache), false)
 6 FCPATH\index.php(67): CodeIgniter\CodeIgniter->run()
 7 SYSTEMPATH\Commands\Server\rewrite.php(43): require_once('FCPATH\\index.php')
CRITICAL - 2022-08-17 12:39:21 --> Undefined variable: db
in APPPATH\Models\ProdutosModel.php on line 18.
 1 APPPATH\Models\ProdutosModel.php(18): CodeIgniter\Debug\Exceptions->errorHandler(8, 'Undefined variable: db', 'APPPATH\\Models\\ProdutosModel.php', 18, [])
 2 APPPATH\Controllers\Produtos.php(30): App\Models\ProdutosModel->getProduto()
 3 SYSTEMPATH\CodeIgniter.php(898): App\Controllers\Produtos->ultProdutos()
 4 SYSTEMPATH\CodeIgniter.php(457): CodeIgniter\CodeIgniter->runController(Object(App\Controllers\Produtos))
 5 SYSTEMPATH\CodeIgniter.php(340): CodeIgniter\CodeIgniter->handleRequest(null, Object(Config\Cache), false)
 6 FCPATH\index.php(67): CodeIgniter\CodeIgniter->run()
 7 SYSTEMPATH\Commands\Server\rewrite.php(43): require_once('FCPATH\\index.php')
CRITICAL - 2022-08-17 12:46:23 --> Undefined variable: db
in APPPATH\Controllers\Produtos.php on line 30.
 1 APPPATH\Controllers\Produtos.php(30): CodeIgniter\Debug\Exceptions->errorHandler(8, 'Undefined variable: db', 'APPPATH\\Controllers\\Produtos.php', 30, [])
 2 SYSTEMPATH\CodeIgniter.php(898): App\Controllers\Produtos->ultProdutos()
 3 SYSTEMPATH\CodeIgniter.php(457): CodeIgniter\CodeIgniter->runController(Object(App\Controllers\Produtos))
 4 SYSTEMPATH\CodeIgniter.php(340): CodeIgniter\CodeIgniter->handleRequest(null, Object(Config\Cache), false)
 5 FCPATH\index.php(67): CodeIgniter\CodeIgniter->run()
 6 SYSTEMPATH\Commands\Server\rewrite.php(43): require_once('FCPATH\\index.php')
CRITICAL - 2022-08-17 12:48:25 --> Undefined variable: db
in APPPATH\Controllers\Produtos.php on line 30.
 1 APPPATH\Controllers\Produtos.php(30): CodeIgniter\Debug\Exceptions->errorHandler(8, 'Undefined variable: db', 'APPPATH\\Controllers\\Produtos.php', 30, [])
 2 SYSTEMPATH\CodeIgniter.php(898): App\Controllers\Produtos->ultProdutos()
 3 SYSTEMPATH\CodeIgniter.php(457): CodeIgniter\CodeIgniter->runController(Object(App\Controllers\Produtos))
 4 SYSTEMPATH\CodeIgniter.php(340): CodeIgniter\CodeIgniter->handleRequest(null, Object(Config\Cache), false)
 5 FCPATH\index.php(67): CodeIgniter\CodeIgniter->run()
 6 SYSTEMPATH\Commands\Server\rewrite.php(43): require_once('FCPATH\\index.php')
CRITICAL - 2022-08-17 12:49:10 --> Undefined variable: db
in APPPATH\Controllers\Produtos.php on line 30.
 1 APPPATH\Controllers\Produtos.php(30): CodeIgniter\Debug\Exceptions->errorHandler(8, 'Undefined variable: db', 'APPPATH\\Controllers\\Produtos.php', 30, [])
 2 SYSTEMPATH\CodeIgniter.php(898): App\Controllers\Produtos->ultProdutos()
 3 SYSTEMPATH\CodeIgniter.php(457): CodeIgniter\CodeIgniter->runController(Object(App\Controllers\Produtos))
 4 SYSTEMPATH\CodeIgniter.php(340): CodeIgniter\CodeIgniter->handleRequest(null, Object(Config\Cache), false)
 5 FCPATH\index.php(67): CodeIgniter\CodeIgniter->run()
 6 SYSTEMPATH\Commands\Server\rewrite.php(43): require_once('FCPATH\\index.php')
CRITICAL - 2022-08-17 12:51:41 --> Undefined variable: db
in APPPATH\Controllers\Produtos.php on line 32.
 1 APPPATH\Controllers\Produtos.php(32): CodeIgniter\Debug\Exceptions->errorHandler(8, 'Undefined variable: db', 'APPPATH\\Controllers\\Produtos.php', 32, [...])
 2 SYSTEMPATH\CodeIgniter.php(898): App\Controllers\Produtos->ultProdutos()
 3 SYSTEMPATH\CodeIgniter.php(457): CodeIgniter\CodeIgniter->runController(Object(App\Controllers\Produtos))
 4 SYSTEMPATH\CodeIgniter.php(340): CodeIgniter\CodeIgniter->handleRequest(null, Object(Config\Cache), false)
 5 FCPATH\index.php(67): CodeIgniter\CodeIgniter->run()
 6 SYSTEMPATH\Commands\Server\rewrite.php(43): require_once('FCPATH\\index.php')
CRITICAL - 2022-08-17 12:55:35 --> Undefined variable: id
in APPPATH\Controllers\Produtos.php on line 31.
 1 APPPATH\Controllers\Produtos.php(31): CodeIgniter\Debug\Exceptions->errorHandler(8, 'Undefined variable: id', 'APPPATH\\Controllers\\Produtos.php', 31, [])
 2 SYSTEMPATH\CodeIgniter.php(898): App\Controllers\Produtos->ultProdutos()
 3 SYSTEMPATH\CodeIgniter.php(457): CodeIgniter\CodeIgniter->runController(Object(App\Controllers\Produtos))
 4 SYSTEMPATH\CodeIgniter.php(340): CodeIgniter\CodeIgniter->handleRequest(null, Object(Config\Cache), false)
 5 FCPATH\index.php(67): CodeIgniter\CodeIgniter->run()
 6 SYSTEMPATH\Commands\Server\rewrite.php(43): require_once('FCPATH\\index.php')
CRITICAL - 2022-08-17 12:55:52 --> Undefined variable: sql
in APPPATH\Controllers\Produtos.php on line 32.
 1 APPPATH\Controllers\Produtos.php(32): CodeIgniter\Debug\Exceptions->errorHandler(8, 'Undefined variable: sql', 'APPPATH\\Controllers\\Produtos.php', 32, [...])
 2 SYSTEMPATH\CodeIgniter.php(898): App\Controllers\Produtos->ultProdutos()
 3 SYSTEMPATH\CodeIgniter.php(457): CodeIgniter\CodeIgniter->runController(Object(App\Controllers\Produtos))
 4 SYSTEMPATH\CodeIgniter.php(340): CodeIgniter\CodeIgniter->handleRequest(null, Object(Config\Cache), false)
 5 FCPATH\index.php(67): CodeIgniter\CodeIgniter->run()
 6 SYSTEMPATH\Commands\Server\rewrite.php(43): require_once('FCPATH\\index.php')
CRITICAL - 2022-08-17 12:57:32 --> Undefined variable: db
in APPPATH\Models\ProdutosModel.php on line 22.
 1 APPPATH\Models\ProdutosModel.php(22): CodeIgniter\Debug\Exceptions->errorHandler(8, 'Undefined variable: db', 'APPPATH\\Models\\ProdutosModel.php', 22, [])
 2 APPPATH\Controllers\Produtos.php(31): App\Models\ProdutosModel->getRegistros()
 3 SYSTEMPATH\CodeIgniter.php(898): App\Controllers\Produtos->ultProdutos()
 4 SYSTEMPATH\CodeIgniter.php(457): CodeIgniter\CodeIgniter->runController(Object(App\Controllers\Produtos))
 5 SYSTEMPATH\CodeIgniter.php(340): CodeIgniter\CodeIgniter->handleRequest(null, Object(Config\Cache), false)
 6 FCPATH\index.php(67): CodeIgniter\CodeIgniter->run()
 7 SYSTEMPATH\Commands\Server\rewrite.php(43): require_once('FCPATH\\index.php')
CRITICAL - 2022-08-17 13:01:36 --> Undefined variable: sql
in APPPATH\Models\ProdutosModel.php on line 22.
 1 APPPATH\Models\ProdutosModel.php(22): CodeIgniter\Debug\Exceptions->errorHandler(8, 'Undefined variable: sql', 'APPPATH\\Models\\ProdutosModel.php', 22, [])
 2 APPPATH\Controllers\Produtos.php(31): App\Models\ProdutosModel->getRegistros()
 3 SYSTEMPATH\CodeIgniter.php(898): App\Controllers\Produtos->ultProdutos()
 4 SYSTEMPATH\CodeIgniter.php(457): CodeIgniter\CodeIgniter->runController(Object(App\Controllers\Produtos))
 5 SYSTEMPATH\CodeIgniter.php(340): CodeIgniter\CodeIgniter->handleRequest(null, Object(Config\Cache), false)
 6 FCPATH\index.php(67): CodeIgniter\CodeIgniter->run()
 7 SYSTEMPATH\Commands\Server\rewrite.php(43): require_once('FCPATH\\index.php')
CRITICAL - 2022-08-17 13:01:56 --> Undefined variable: db
in APPPATH\Models\ProdutosModel.php on line 22.
 1 APPPATH\Models\ProdutosModel.php(22): CodeIgniter\Debug\Exceptions->errorHandler(8, 'Undefined variable: db', 'APPPATH\\Models\\ProdutosModel.php', 22, [])
 2 APPPATH\Controllers\Produtos.php(31): App\Models\ProdutosModel->getRegistros()
 3 SYSTEMPATH\CodeIgniter.php(898): App\Controllers\Produtos->ultProdutos()
 4 SYSTEMPATH\CodeIgniter.php(457): CodeIgniter\CodeIgniter->runController(Object(App\Controllers\Produtos))
 5 SYSTEMPATH\CodeIgniter.php(340): CodeIgniter\CodeIgniter->handleRequest(null, Object(Config\Cache), false)
 6 FCPATH\index.php(67): CodeIgniter\CodeIgniter->run()
 7 SYSTEMPATH\Commands\Server\rewrite.php(43): require_once('FCPATH\\index.php')
CRITICAL - 2022-08-17 13:05:17 --> Undefined variable: db
in APPPATH\Controllers\Produtos.php on line 31.
 1 APPPATH\Controllers\Produtos.php(31): CodeIgniter\Debug\Exceptions->errorHandler(8, 'Undefined variable: db', 'APPPATH\\Controllers\\Produtos.php', 31, [])
 2 SYSTEMPATH\CodeIgniter.php(898): App\Controllers\Produtos->ultProdutos()
 3 SYSTEMPATH\CodeIgniter.php(457): CodeIgniter\CodeIgniter->runController(Object(App\Controllers\Produtos))
 4 SYSTEMPATH\CodeIgniter.php(340): CodeIgniter\CodeIgniter->handleRequest(null, Object(Config\Cache), false)
 5 FCPATH\index.php(67): CodeIgniter\CodeIgniter->run()
 6 SYSTEMPATH\Commands\Server\rewrite.php(43): require_once('FCPATH\\index.php')
